# JRE version: Java(TM) SE Runtime Environment (21.0.6+8) (build 21.0.6+8-LTS-188)
# Java VM: Java HotSpot(TM) 64-Bit Server VM (21.0.6+8-LTS-188, mixed mode, sharing, tiered, compressed oops, compressed class ptrs, g1 gc, bsd-aarch64)
Heap:
 garbage-first heap   total 55296K, used 23117K [0x0000000780000000, 0x0000000800000000)
  region size 1024K, 11 young (11264K), 2 survivors (2048K)
 Metaspace       used 22594K, committed 23040K, reserved 1114112K
  class space    used 3034K, committed 3264K, reserved 1048576K
GC Heap History (8 events):
Event: 0.417 GC heap before
{Heap before GC invocations=0 (full 0):
 garbage-first heap   total 133120K, used 23595K [0x0000000780000000, 0x0000000800000000)
  region size 1024K, 23 young (23552K), 0 survivors (0K)
 Metaspace       used 6543K, committed 6784K, reserved 1114112K
  class space    used 713K, committed 832K, reserved 1048576K
}
Event: 0.420 GC heap after
{Heap after GC invocations=1 (full 0):
 garbage-first heap   total 133120K, used 4507K [0x0000000780000000, 0x0000000800000000)
  region size 1024K, 3 young (3072K), 3 survivors (3072K)
 Metaspace       used 6543K, committed 6784K, reserved 1114112K
  class space    used 713K, committed 832K, reserved 1048576K
}
Event: 8.228 GC heap before
{Heap before GC invocations=1 (full 0):
 garbage-first heap   total 133120K, used 43419K [0x0000000780000000, 0x0000000800000000)
  region size 1024K, 42 young (43008K), 3 survivors (3072K)
 Metaspace       used 16275K, committed 16640K, reserved 1114112K
  class space    used 2137K, committed 2304K, reserved 1048576K
}
Event: 8.241 GC heap after
{Heap after GC invocations=2 (full 0):
 garbage-first heap   total 133120K, used 8830K [0x0000000780000000, 0x0000000800000000)
  region size 1024K, 6 young (6144K), 6 survivors (6144K)
 Metaspace       used 16275K, committed 16640K, reserved 1114112K
  class space    used 2137K, committed 2304K, reserved 1048576K
}
Event: 122.204 GC heap before
{Heap before GC invocations=2 (full 0):
 garbage-first heap   total 133120K, used 61054K [0x0000000780000000, 0x0000000800000000)
  region size 1024K, 57 young (58368K), 6 survivors (6144K)
 Metaspace       used 21112K, committed 21504K, reserved 1114112K
  class space    used 2721K, committed 2944K, reserved 1048576K
}
Event: 122.214 GC heap after
{Heap after GC invocations=3 (full 0):
 garbage-first heap   total 133120K, used 14088K [0x0000000780000000, 0x0000000800000000)
  region size 1024K, 7 young (7168K), 7 survivors (7168K)
 Metaspace       used 21112K, committed 21504K, reserved 1114112K
  class space    used 2721K, committed 2944K, reserved 1048576K
}
Event: 217.363 GC heap before
{Heap before GC invocations=4 (full 0):
 garbage-first heap   total 55296K, used 39688K [0x0000000780000000, 0x0000000800000000)
  region size 1024K, 32 young (32768K), 7 survivors (7168K)
 Metaspace       used 22424K, committed 22784K, reserved 1114112K
  class space    used 3012K, committed 3200K, reserved 1048576K
}
Event: 217.368 GC heap after
{Heap after GC invocations=5 (full 0):
 garbage-first heap   total 55296K, used 14925K [0x0000000780000000, 0x0000000800000000)
  region size 1024K, 2 young (2048K), 2 survivors (2048K)
 Metaspace       used 22424K, committed 22784K, reserved 1114112K
  class space    used 3012K, committed 3200K, reserved 1048576K
}

